[debug] [2020-06-22T05:56:08.342Z] ----------------------------------------------------------------------
[debug] [2020-06-22T05:56:08.344Z] Command:       /usr/bin/node /usr/bin/firebase deploy
[debug] [2020-06-22T05:56:08.344Z] CLI Version:   8.2.0
[debug] [2020-06-22T05:56:08.344Z] Platform:      linux
[debug] [2020-06-22T05:56:08.344Z] Node Version:  v13.13.0
[debug] [2020-06-22T05:56:08.347Z] Time:          Mon Jun 22 2020 15:56:08 GMT+1000 (Australian Eastern Standard Time)
[debug] [2020-06-22T05:56:08.348Z] ----------------------------------------------------------------------
[debug] [2020-06-22T05:56:08.348Z] 
[debug] [2020-06-22T05:56:08.353Z] > command requires scopes: ["email","openid","https://www.googleapis.com/auth/cloudplatformprojects.readonly","https://www.googleapis.com/auth/firebase","https://www.googleapis.com/auth/cloud-platform"]
[debug] [2020-06-22T05:56:08.354Z] > authorizing via signed-in user
[debug] [2020-06-22T05:56:08.354Z] [iam] checking project opencaptionsmaker for permissions ["cloudfunctions.functions.create","cloudfunctions.functions.delete","cloudfunctions.functions.get","cloudfunctions.functions.list","cloudfunctions.functions.update","cloudfunctions.operations.get","firebase.projects.get"]
[debug] [2020-06-22T05:56:08.356Z] >>> HTTP REQUEST POST https://cloudresourcemanager.googleapis.com/v1/projects/opencaptionsmaker:testIamPermissions  
 {"permissions":["cloudfunctions.functions.create","cloudfunctions.functions.delete","cloudfunctions.functions.get","cloudfunctions.functions.list","cloudfunctions.functions.update","cloudfunctions.operations.get","firebase.projects.get"]}
[debug] [2020-06-22T05:56:10.189Z] <<< HTTP RESPONSE 200 {"content-type":"application/json; charset=UTF-8","vary":"X-Origin, Referer, Origin,Accept-Encoding","date":"Mon, 22 Jun 2020 05:56:09 GMT","server":"ESF","cache-control":"private","x-xss-protection":"0","x-frame-options":"SAMEORIGIN","x-content-type-options":"nosniff","server-timing":"gfet4t7; dur=1003","alt-svc":"h3-28=\":443\"; ma=2592000,h3-27=\":443\"; ma=2592000,h3-25=\":443\"; ma=2592000,h3-T050=\":443\"; ma=2592000,h3-Q050=\":443\"; ma=2592000,h3-Q049=\":443\"; ma=2592000,h3-Q048=\":443\"; ma=2592000,h3-Q046=\":443\"; ma=2592000,h3-Q043=\":443\"; ma=2592000,quic=\":443\"; ma=2592000; v=\"46,43\"","accept-ranges":"none","transfer-encoding":"chunked"}
[debug] [2020-06-22T05:56:10.193Z] >>> HTTP REQUEST POST https://iam.googleapis.com/v1/projects/opencaptionsmaker/serviceAccounts/opencaptionsmaker@appspot.gserviceaccount.com:testIamPermissions  
 {"permissions":["iam.serviceAccounts.actAs"]}
[debug] [2020-06-22T05:56:10.800Z] <<< HTTP RESPONSE 200 {"content-type":"application/json; charset=UTF-8","vary":"X-Origin, Referer, Origin,Accept-Encoding","date":"Mon, 22 Jun 2020 05:56:10 GMT","server":"ESF","cache-control":"private","x-xss-protection":"0","x-frame-options":"SAMEORIGIN","x-content-type-options":"nosniff","alt-svc":"h3-28=\":443\"; ma=2592000,h3-27=\":443\"; ma=2592000,h3-25=\":443\"; ma=2592000,h3-T050=\":443\"; ma=2592000,h3-Q050=\":443\"; ma=2592000,h3-Q049=\":443\"; ma=2592000,h3-Q048=\":443\"; ma=2592000,h3-Q046=\":443\"; ma=2592000,h3-Q043=\":443\"; ma=2592000,quic=\":443\"; ma=2592000; v=\"46,43\"","accept-ranges":"none","transfer-encoding":"chunked"}
[warn] ⚠  functions: package.json indicates an outdated version of firebase-functions.
Please upgrade using npm install --save firebase-functions@latest in your functions directory.
[info] 
[info] === Deploying to 'opencaptionsmaker'...
[info] 
[info] i  deploying functions
[info] Running command: npm --prefix "$RESOURCE_DIR" run lint
[info] ✔  functions: Finished running predeploy script.
[debug] [2020-06-22T05:56:13.536Z] > [functions] package.json contents: {
  "name": "functions",
  "description": "Cloud Functions for Firebase",
  "scripts": {
    "lint": "eslint .",
    "serve": "firebase emulators:start --only functions",
    "shell": "firebase functions:shell",
    "start": "npm run shell",
    "deploy": "firebase deploy --only functions",
    "logs": "firebase functions:log"
  },
  "engines": {
    "node": "8"
  },
  "dependencies": {
    "@google-cloud/speech": "^3.6.0",
    "child-process-promise": "2.2.1",
    "firebase-admin": "^8.10.0",
    "firebase-functions": "^3.6.1"
  },
  "devDependencies": {
    "babel-eslint": "^10.1.0",
    "eslint": "^5.12.0",
    "eslint-plugin-promise": "^4.0.1",
    "firebase-functions-test": "^0.2.0"
  },
  "private": true
}
[info] i  functions: ensuring required API cloudfunctions.googleapis.com is enabled...
[debug] [2020-06-22T05:56:14.510Z] [functions] runtime dependency check dates: warning: 2020-05-21T00:00:00.000Z error: 2020-08-17T00:00:00.000Z
[debug] [2020-06-22T05:56:14.510Z] >>> HTTP REQUEST GET https://serviceusage.googleapis.com/v1/projects/opencaptionsmaker/services/cloudfunctions.googleapis.com  
 
[debug] [2020-06-22T05:56:14.511Z] >>> HTTP REQUEST GET https://serviceusage.googleapis.com/v1/projects/opencaptionsmaker/services/runtimeconfig.googleapis.com  
 
[debug] [2020-06-22T05:56:16.022Z] <<< HTTP RESPONSE 200 {"content-type":"application/json; charset=UTF-8","vary":"X-Origin, Referer, Origin,Accept-Encoding","date":"Mon, 22 Jun 2020 05:56:15 GMT","server":"ESF","cache-control":"private","x-xss-protection":"0","x-frame-options":"SAMEORIGIN","x-content-type-options":"nosniff","alt-svc":"h3-28=\":443\"; ma=2592000,h3-27=\":443\"; ma=2592000,h3-25=\":443\"; ma=2592000,h3-T050=\":443\"; ma=2592000,h3-Q050=\":443\"; ma=2592000,h3-Q049=\":443\"; ma=2592000,h3-Q048=\":443\"; ma=2592000,h3-Q046=\":443\"; ma=2592000,h3-Q043=\":443\"; ma=2592000,quic=\":443\"; ma=2592000; v=\"46,43\"","accept-ranges":"none","transfer-encoding":"chunked"}
[debug] [2020-06-22T05:56:16.075Z] <<< HTTP RESPONSE 200 {"content-type":"application/json; charset=UTF-8","vary":"X-Origin, Referer, Origin,Accept-Encoding","date":"Mon, 22 Jun 2020 05:56:15 GMT","server":"ESF","cache-control":"private","x-xss-protection":"0","x-frame-options":"SAMEORIGIN","x-content-type-options":"nosniff","alt-svc":"h3-28=\":443\"; ma=2592000,h3-27=\":443\"; ma=2592000,h3-25=\":443\"; ma=2592000,h3-T050=\":443\"; ma=2592000,h3-Q050=\":443\"; ma=2592000,h3-Q049=\":443\"; ma=2592000,h3-Q048=\":443\"; ma=2592000,h3-Q046=\":443\"; ma=2592000,h3-Q043=\":443\"; ma=2592000,quic=\":443\"; ma=2592000; v=\"46,43\"","accept-ranges":"none","transfer-encoding":"chunked"}
[info] ✔  functions: required API cloudfunctions.googleapis.com is enabled
[debug] [2020-06-22T05:56:16.078Z] >>> HTTP REQUEST GET https://firebase.googleapis.com/v1beta1/projects/opencaptionsmaker/adminSdkConfig  
 
[debug] [2020-06-22T05:56:16.733Z] <<< HTTP RESPONSE 200 {"content-type":"application/json; charset=UTF-8","vary":"X-Origin, Referer, Origin,Accept-Encoding","date":"Mon, 22 Jun 2020 05:56:16 GMT","server":"ESF","cache-control":"private","x-xss-protection":"0","x-frame-options":"SAMEORIGIN","x-content-type-options":"nosniff","alt-svc":"h3-28=\":443\"; ma=2592000,h3-27=\":443\"; ma=2592000,h3-25=\":443\"; ma=2592000,h3-T050=\":443\"; ma=2592000,h3-Q050=\":443\"; ma=2592000,h3-Q049=\":443\"; ma=2592000,h3-Q048=\":443\"; ma=2592000,h3-Q046=\":443\"; ma=2592000,h3-Q043=\":443\"; ma=2592000,quic=\":443\"; ma=2592000; v=\"46,43\"","accept-ranges":"none","transfer-encoding":"chunked"}
[info] i  functions: preparing functions directory for uploading...
[debug] [2020-06-22T05:56:16.737Z] >>> HTTP REQUEST GET https://runtimeconfig.googleapis.com/v1beta1/projects/opencaptionsmaker/configs  
 
[debug] [2020-06-22T05:56:18.376Z] <<< HTTP RESPONSE 200 {"content-type":"application/json; charset=UTF-8","vary":"X-Origin, Referer, Origin,Accept-Encoding","date":"Mon, 22 Jun 2020 05:56:18 GMT","server":"ESF","cache-control":"private","x-xss-protection":"0","x-frame-options":"SAMEORIGIN","x-content-type-options":"nosniff","alt-svc":"h3-28=\":443\"; ma=2592000,h3-27=\":443\"; ma=2592000,h3-25=\":443\"; ma=2592000,h3-T050=\":443\"; ma=2592000,h3-Q050=\":443\"; ma=2592000,h3-Q049=\":443\"; ma=2592000,h3-Q048=\":443\"; ma=2592000,h3-Q046=\":443\"; ma=2592000,h3-Q043=\":443\"; ma=2592000,quic=\":443\"; ma=2592000; v=\"46,43\"","accept-ranges":"none","transfer-encoding":"chunked"}
[info] i  functions: packaged functions (44.55 KB) for uploading
[debug] [2020-06-22T05:56:18.531Z] >>> HTTP REQUEST GET https://cloudfunctions.googleapis.com/v1/projects/opencaptionsmaker/locations/-/functions  
 
[debug] [2020-06-22T05:56:19.406Z] <<< HTTP RESPONSE 200 {"content-type":"application/json; charset=UTF-8","vary":"X-Origin, Referer, Origin,Accept-Encoding","date":"Mon, 22 Jun 2020 05:56:19 GMT","server":"ESF","cache-control":"private","x-xss-protection":"0","x-frame-options":"SAMEORIGIN","x-content-type-options":"nosniff","alt-svc":"h3-28=\":443\"; ma=2592000,h3-27=\":443\"; ma=2592000,h3-25=\":443\"; ma=2592000,h3-T050=\":443\"; ma=2592000,h3-Q050=\":443\"; ma=2592000,h3-Q049=\":443\"; ma=2592000,h3-Q048=\":443\"; ma=2592000,h3-Q046=\":443\"; ma=2592000,h3-Q043=\":443\"; ma=2592000,quic=\":443\"; ma=2592000; v=\"46,43\"","accept-ranges":"none","transfer-encoding":"chunked"}
[debug] [2020-06-22T05:56:19.410Z] >>> HTTP REQUEST POST https://cloudfunctions.googleapis.com/v1/projects/opencaptionsmaker/locations/us-central1/functions:generateUploadUrl  
 
[debug] [2020-06-22T05:56:20.461Z] <<< HTTP RESPONSE 200 {"content-type":"application/json; charset=UTF-8","vary":"X-Origin, Referer, Origin,Accept-Encoding","date":"Mon, 22 Jun 2020 05:56:20 GMT","server":"ESF","cache-control":"private","x-xss-protection":"0","x-frame-options":"SAMEORIGIN","x-content-type-options":"nosniff","alt-svc":"h3-28=\":443\"; ma=2592000,h3-27=\":443\"; ma=2592000,h3-25=\":443\"; ma=2592000,h3-T050=\":443\"; ma=2592000,h3-Q050=\":443\"; ma=2592000,h3-Q049=\":443\"; ma=2592000,h3-Q048=\":443\"; ma=2592000,h3-Q046=\":443\"; ma=2592000,h3-Q043=\":443\"; ma=2592000,quic=\":443\"; ma=2592000; v=\"46,43\"","accept-ranges":"none","transfer-encoding":"chunked"}
[debug] [2020-06-22T05:56:20.463Z] >>> HTTP REQUEST PUT https://storage.googleapis.com/gcf-upload-us-central1-6559748f-4d44-49e3-adfd-36a3cfc5594d/58e70637-29bc-485e-9297-80562757c93f.zip?GoogleAccessId=service-257302180678@gcf-admin-robot.iam.gserviceaccount.com&Expires=1592807179&Signature=nqIKnZdRs4%2FHuYcEsTaicANgaSpIMRCckZ%2F38PTIbphech7F%2FDCmX1tJ6fbcW0jCcPnHfus2sSFZm7txOvJkR5D3Vj6yQduxhMuSHrm8kMONOXHdpNIBUZUOpNoAWN3sHMwEmHRvCiiTlQXhMD58v1bnp0HO8wXVkDxGQJD3rz3kwbCZHTs%2FP8z8bhyqYhEFvSNRF6FBT3wRkNpg6Tc9CecAQ9RJgtdjnf%2F3pkzGvmfO0iPmDtKxrvd%2F7CJ9OqzXL1hDGRLG2iMTSrB6Yk5qeNwbzGZRQCRZv00gP5VJz3TGv8WGLp9RCL62x6FtzcEyyxcs%2FO1m0%2BGPvqVPZMcyeQ%3D%3D  
 <request body omitted>
[debug] [2020-06-22T05:56:21.240Z] <<< HTTP RESPONSE 200 {"x-guploader-uploadid":"AAANsUkUA6fRGWrj9aWWFwJmPYQhqQiNmA_Z-LLPH1w4gcIpv1wmi67-Wi-CQLGAKoCMjQDxgFfqwj-E62siHkKlk4U","etag":"\"6df967495dd94c7d42addd805f7db387\"","x-goog-generation":"1592805380978281","x-goog-metageneration":"1","x-goog-hash":"crc32c=6rpC+A==, md5=bflnSV3ZTH1Crd2AX32zhw==","x-goog-stored-content-length":"45624","x-goog-stored-content-encoding":"identity","vary":"Origin","content-length":"0","date":"Mon, 22 Jun 2020 05:56:21 GMT","server":"UploadServer","content-type":"text/html; charset=UTF-8","alt-svc":"h3-28=\":443\"; ma=2592000,h3-27=\":443\"; ma=2592000,h3-25=\":443\"; ma=2592000,h3-T050=\":443\"; ma=2592000,h3-Q050=\":443\"; ma=2592000,h3-Q049=\":443\"; ma=2592000,h3-Q048=\":443\"; ma=2592000,h3-Q046=\":443\"; ma=2592000,h3-Q043=\":443\"; ma=2592000,quic=\":443\"; ma=2592000; v=\"46,43\""}
[info] ✔  functions: functions folder uploaded successfully
[info] i  functions: updating Node.js 8 function audioToCaptions(asia-east2)...
[debug] [2020-06-22T05:56:21.248Z] Trigger is:  {"eventTrigger":{"resource":"projects/_/buckets/opencaptionsmaker.appspot.com","eventType":"google.storage.object.finalize","service":"storage.googleapis.com"}}
[debug] [2020-06-22T05:56:21.251Z] >>> HTTP REQUEST GET https://serviceusage.googleapis.com/v1/projects/opencaptionsmaker/services/cloudscheduler.googleapis.com  
 
[debug] [2020-06-22T05:56:22.504Z] <<< HTTP RESPONSE 200 {"content-type":"application/json; charset=UTF-8","vary":"X-Origin, Referer, Origin,Accept-Encoding","date":"Mon, 22 Jun 2020 05:56:22 GMT","server":"ESF","cache-control":"private","x-xss-protection":"0","x-frame-options":"SAMEORIGIN","x-content-type-options":"nosniff","alt-svc":"h3-28=\":443\"; ma=2592000,h3-27=\":443\"; ma=2592000,h3-25=\":443\"; ma=2592000,h3-T050=\":443\"; ma=2592000,h3-Q050=\":443\"; ma=2592000,h3-Q049=\":443\"; ma=2592000,h3-Q048=\":443\"; ma=2592000,h3-Q046=\":443\"; ma=2592000,h3-Q043=\":443\"; ma=2592000,quic=\":443\"; ma=2592000; v=\"46,43\"","accept-ranges":"none","transfer-encoding":"chunked"}
[debug] [2020-06-22T05:56:22.507Z] >>> HTTP REQUEST PATCH https://cloudfunctions.googleapis.com/v1/projects/opencaptionsmaker/locations/asia-east2/functions/audioToCaptions {"updateMask":"sourceUploadUrl,name,labels,runtime,eventTrigger.resource,eventTrigger.eventType,eventTrigger.service"} 
 {"sourceUploadUrl":"https://storage.googleapis.com/gcf-upload-us-central1-6559748f-4d44-49e3-adfd-36a3cfc5594d/58e70637-29bc-485e-9297-80562757c93f.zip?GoogleAccessId=service-257302180678@gcf-admin-robot.iam.gserviceaccount.com&Expires=1592807179&Signature=nqIKnZdRs4%2FHuYcEsTaicANgaSpIMRCckZ%2F38PTIbphech7F%2FDCmX1tJ6fbcW0jCcPnHfus2sSFZm7txOvJkR5D3Vj6yQduxhMuSHrm8kMONOXHdpNIBUZUOpNoAWN3sHMwEmHRvCiiTlQXhMD58v1bnp0HO8wXVkDxGQJD3rz3kwbCZHTs%2FP8z8bhyqYhEFvSNRF6FBT3wRkNpg6Tc9CecAQ9RJgtdjnf%2F3pkzGvmfO0iPmDtKxrvd%2F7CJ9OqzXL1hDGRLG2iMTSrB6Yk5qeNwbzGZRQCRZv00gP5VJz3TGv8WGLp9RCL62x6FtzcEyyxcs%2FO1m0%2BGPvqVPZMcyeQ%3D%3D","name":"projects/opencaptionsmaker/locations/asia-east2/functions/audioToCaptions","labels":{"deployment-tool":"cli-firebase"},"eventTrigger":{"resource":"projects/_/buckets/opencaptionsmaker.appspot.com","eventType":"google.storage.object.finalize","service":"storage.googleapis.com"},"runtime":"nodejs8"}
